{"uid":"2c2806ae5cfbe186","name":"test_failure","fullName":"tests.test_opencv#test_failure","historyId":"cb85c207d04ff044888e63168a7c94a9","time":{"start":1759979572788,"stop":1759979572788,"duration":0},"description":"This test is expected to fail.","descriptionHtml":"<p>This test is expected to fail.</p>\n","status":"failed","statusMessage":"AssertionError: assert (1 + 1) == 3","statusTrace":"@allure.description(\"This test is expected to fail.\")\n    def test_failure():\n>       assert 1 + 1 == 3\nE       assert (1 + 1) == 3\n\ntests/test_opencv.py:12: AssertionError","flaky":false,"newFailed":false,"newBroken":false,"newPassed":false,"retriesCount":0,"retriesStatusChange":false,"beforeStages":[],"afterStages":[],"labels":[{"name":"parentSuite","value":"tests"},{"name":"suite","value":"test_opencv"},{"name":"host","value":"runnervmwhb2z"},{"name":"thread","value":"2545-MainThread"},{"name":"framework","value":"pytest"},{"name":"language","value":"cpython3"},{"name":"package","value":"tests.test_opencv"},{"name":"resultFormat","value":"allure2"}],"parameters":[],"links":[],"hidden":false,"retry":false,"extra":{"severity":"normal","retries":[],"categories":[{"name":"Product defects","matchedStatuses":[]}],"tags":[]},"source":"2c2806ae5cfbe186.json","parameterValues":[]}