{"uid":"4287adbc910b704f","name":"test_broken","fullName":"tests.test_opencv#test_broken","historyId":"cd99b661054788cf2d86ef4bbb569952","time":{"start":1759979411117,"stop":1759979411117,"duration":0},"description":"This test raises an exception.","descriptionHtml":"<p>This test raises an exception.</p>\n","status":"broken","statusMessage":"Exception: This test is broken and raises an exception.","statusTrace":"@allure.description(\"This test raises an exception.\")\n    def test_broken():\n>       raise Exception(\"This test is broken and raises an exception.\")\nE       Exception: This test is broken and raises an exception.\n\ntests/test_opencv.py:22: Exception","flaky":false,"newFailed":false,"newBroken":false,"newPassed":false,"retriesCount":0,"retriesStatusChange":false,"beforeStages":[],"afterStages":[],"labels":[{"name":"parentSuite","value":"tests"},{"name":"suite","value":"test_opencv"},{"name":"host","value":"runnervmwhb2z"},{"name":"thread","value":"2605-MainThread"},{"name":"framework","value":"pytest"},{"name":"language","value":"cpython3"},{"name":"package","value":"tests.test_opencv"},{"name":"resultFormat","value":"allure2"}],"parameters":[],"links":[],"hidden":false,"retry":false,"extra":{"severity":"normal","retries":[],"categories":[{"name":"Test defects","matchedStatuses":[]}],"tags":[]},"source":"4287adbc910b704f.json","parameterValues":[]}