{"uid":"4bfa5d7ad565f5d7","name":"test_broken","fullName":"tests.test_opencv#test_broken","historyId":"cd99b661054788cf2d86ef4bbb569952","time":{"start":1759982154927,"stop":1759982154927,"duration":0},"description":"This test raises an exception.","descriptionHtml":"<p>This test raises an exception.</p>\n","status":"broken","statusMessage":"Exception: This test is broken and raises an exception.","statusTrace":"@allure.description(\"This test raises an exception.\")\n    def test_broken():\n>       raise Exception(\"This test is broken and raises an exception.\")\nE       Exception: This test is broken and raises an exception.\n\ntests/test_opencv.py:27: Exception","flaky":false,"newFailed":false,"newBroken":false,"newPassed":false,"retriesCount":0,"retriesStatusChange":false,"beforeStages":[],"afterStages":[],"labels":[{"name":"parentSuite","value":"tests"},{"name":"suite","value":"test_opencv"},{"name":"host","value":"runnervmwhb2z"},{"name":"thread","value":"2553-MainThread"},{"name":"framework","value":"pytest"},{"name":"language","value":"cpython3"},{"name":"package","value":"tests.test_opencv"},{"name":"resultFormat","value":"allure2"}],"parameters":[],"links":[],"hidden":false,"retry":false,"extra":{"severity":"normal","retries":[],"categories":[{"name":"Test defects","matchedStatuses":[]}],"history":{"statistic":{"failed":0,"broken":2,"skipped":0,"passed":0,"unknown":0,"total":2},"items":[{"uid":"44587b7c7ada8732","status":"broken","statusDetails":"Exception: This test is broken and raises an exception.","time":{"start":1759981299862,"stop":1759981299862,"duration":0}}]},"tags":[]},"source":"4bfa5d7ad565f5d7.json","parameterValues":[]}